<?xml version="1.0" encoding="UTF-8"?>
<!-- Generated by org.testng.reporters.JUnitReportReporter -->
<testsuite hostname="Lenovo-PC" failures="0" tests="6" name="testDemo.TestDemoday3" time="0.068" errors="0" timestamp="2023-01-17T22:23:36 IST" skipped="1">
  <testcase classname="testDemo.TestDemoday3" name="MobileloginCarLoan" time="0.012"/>
  <system-out/>
  <testcase classname="testDemo.TestDemoday3" name="MobilesignoutCarLoan" time="0.003"/>
  <system-out/>
  <testcase classname="testDemo.TestDemoday3" name="MobilesignoutCarLoan" time="0.024"/>
  <system-out/>
  <testcase classname="testDemo.TestDemoday3" name="MobilesignoutCarLoan" time="0.024"/>
  <system-out/>
  <testcase classname="testDemo.TestDemoday3" name="WebloginCarLoan" time="0.005"/>
  <system-out/>
  <testcase classname="testDemo.TestDemoday3" name="MobilesiginCarLoan">
    <skipped/>
  </testcase> <!-- MobilesiginCarLoan -->
  <system-out/>
</testsuite> <!-- testDemo.TestDemoday3 -->
