<?xml version="1.0" encoding="UTF-8"?>
<!-- Generated by org.testng.reporters.JUnitReportReporter -->
<testsuite hostname="Lenovo-PC" failures="0" tests="3" name="testDemo.TestDemoday4" time="0.015" errors="0" timestamp="2023-01-17T22:23:36 IST" skipped="0">
  <testcase classname="testDemo.TestDemoday4" name="WebloginHomeLoan" time="0.002"/>
  <system-out/>
  <testcase classname="testDemo.TestDemoday4" name="MobileloginHomeLoan" time="0.006"/>
  <system-out/>
  <testcase classname="testDemo.TestDemoday4" name="ApiloginHomeLoan" time="0.007"/>
  <system-out/>
</testsuite> <!-- testDemo.TestDemoday4 -->
