<?xml version="1.0" encoding="UTF-8"?>
<!-- Generated by org.testng.reporters.JUnitReportReporter -->
<testsuite hostname="Lenovo-PC" failures="0" tests="1" name="testDemo.TestDemoday2" time="0.016" errors="0" timestamp="2023-01-17T22:23:36 IST" skipped="0">
  <testcase classname="testDemo.TestDemoday2" name="ploan" time="0.016"/>
  <system-out/>
</testsuite> <!-- testDemo.TestDemoday2 -->
