<?xml version="1.0" encoding="UTF-8"?>
<!-- Generated by org.testng.reporters.JUnitReportReporter -->
<testsuite hostname="Lenovo-PC" failures="0" tests="6" name="testDemo.TestDemoday3" time="0.080" errors="0" timestamp="2023-02-04T17:38:39 IST" skipped="1">
  <testcase classname="testDemo.TestDemoday3" name="MobileloginCarLoan" time="0.021"/>
  <system-out/>
  <testcase classname="testDemo.TestDemoday3" name="MobilesignoutCarLoan" time="0.002"/>
  <system-out/>
  <testcase classname="testDemo.TestDemoday3" name="WebloginCarLoan" time="0.003"/>
  <system-out/>
  <testcase classname="testDemo.TestDemoday3" name="MobilesignoutCarLoan" time="0.052"/>
  <system-out/>
  <testcase classname="testDemo.TestDemoday3" name="MobilesignoutCarLoan" time="0.002"/>
  <system-out/>
  <testcase classname="testDemo.TestDemoday3" name="MobilesiginCarLoan">
    <skipped/>
  </testcase> <!-- MobilesiginCarLoan -->
  <system-out/>
</testsuite> <!-- testDemo.TestDemoday3 -->
