<?xml version="1.0" encoding="UTF-8"?>
<!-- Generated by org.testng.reporters.JUnitReportReporter -->
<testsuite hostname="Lenovo-PC" failures="0" tests="1" name="testDemo.TestDemoday2" time="0.005" errors="0" timestamp="2023-02-04T17:38:39 IST" skipped="0">
  <testcase classname="testDemo.TestDemoday2" name="ploan" time="0.005"/>
  <system-out/>
</testsuite> <!-- testDemo.TestDemoday2 -->
