<?xml version="1.0" encoding="UTF-8"?>
<!-- Generated by org.testng.reporters.JUnitReportReporter -->
<testsuite hostname="Lenovo-PC" failures="0" tests="2" name="testDemo.TestDemoday1" time="0.019" errors="0" timestamp="2023-02-04T17:40:32 IST" skipped="0">
  <testcase classname="testDemo.TestDemoday1" name="demo" time="0.017"/>
  <system-out/>
  <testcase classname="testDemo.TestDemoday1" name="demo2" time="0.002"/>
  <system-out/>
</testsuite> <!-- testDemo.TestDemoday1 -->
