<?xml version="1.0" encoding="UTF-8"?>
<!-- Generated by org.testng.reporters.JUnitReportReporter -->
<testsuite hostname="Lenovo-PC" failures="0" tests="7" name="testDemo.TestDemoday3" time="0.034" errors="0" timestamp="2023-02-04T19:54:35 IST" skipped="1">
  <testcase classname="testDemo.TestDemoday3" name="MobileloginCarLoan" time="0.005"/>
  <system-out/>
  <testcase classname="testDemo.TestDemoday3" name="MobilesignoutCarLoan" time="0.002"/>
  <system-out/>
  <testcase classname="testDemo.TestDemoday3" name="MobilesignoutCarLoan" time="0.016"/>
  <system-out/>
  <testcase classname="testDemo.TestDemoday3" name="ApiloginCarLoan" time="0.003"/>
  <system-out/>
  <testcase classname="testDemo.TestDemoday3" name="MobilesignoutCarLoan" time="0.005"/>
  <system-out/>
  <testcase classname="testDemo.TestDemoday3" name="WebloginCarLoan" time="0.003"/>
  <system-out/>
  <testcase classname="testDemo.TestDemoday3" name="MobilesiginCarLoan">
    <skipped/>
  </testcase> <!-- MobilesiginCarLoan -->
  <system-out/>
</testsuite> <!-- testDemo.TestDemoday3 -->
